Arguments: 
  C:\Program Files\nodejs\node.exe C:\Users\e00559259\AppData\Roaming\npm\node_modules\yarn\bin\yarn.js add axious vue-axios

PATH: 
  C:\Program Files (x86)\Common Files\Oracle\Java\javapath;C:\Windows;C:\Windows\system32;C:\Windows\System32\Wbem;C:\Windows\System32\WindowsPowerShell\v1.0;C:\Windows;C:\Windows\system32;C:\Windows\System32\Wbem;C:\Windows\System32\WindowsPowerShell\v1.0;C:\Windows\System32\WindowsPowerShell\v1.0\;C:\Windows\System32\OpenSSH\;C:\Program Files\Git\cmd;C:\Program Files\PostgreSQL\12\bin;C:\Program Files\PostgreSQL\12\lib;C:\Program Files\nodejs\;C:\Users\e00559259\AppData\Local\Microsoft\WindowsApps;C:\Users\e00559259\AppData\Local\atom\bin;C:\python27\scripts;;C:\Users\e00559259\AppData\Local\Programs\Microsoft VS Code\bin;C:\Users\e00559259\AppData\Roaming\npm

Yarn version: 
  1.22.10

Node version: 
  14.7.0

Platform: 
  win32 x64

Trace: 
  Error: connect EACCES 104.16.26.35:443
      at TCPConnectWrap.afterConnect [as oncomplete] (net.js:1144:16)

npm manifest: 
  No manifest

yarn manifest: 
  No manifest

Lockfile: 
  # THIS IS AN AUTOGENERATED FILE. DO NOT EDIT THIS FILE DIRECTLY.
  # yarn lockfile v1
